<?xml version="1.0" encoding="UTF-8"?>
<testsuite xmlns:xsi="http://www.w3.org/2001/XMLSchema-instance" xsi:noNamespaceSchemaLocation="https://maven.apache.org/surefire/maven-surefire-plugin/xsd/surefire-test-report-3.0.xsd" version="3.0" name="br.edu.ifpe.CRMHealthLink.AuthenticationControllerIntregrationTest" time="11.893" tests="2" errors="0" skipped="0" failures="0">
  <properties>
[...]
</properties>
  <testcase name="testLoginUnauthorized" classname="br.edu.ifpe.CRMHealthLink.AuthenticationControllerIntregrationTest" time="0.829">
    <system-out><![CDATA[08:05:31.081 [main] INFO org.springframework.test.context.support.AnnotationConfigContextLoaderUtils -- Could not detect default configuration classes for test class [br.edu.ifpe.CRMHealthLink.AuthenticationControllerIntregrationTest]: AuthenticationControllerIntregrationTest does not declare any static, non-private, non-final, nested classes annotated with @Configuration.
08:05:31.327 [main] INFO org.springframework.boot.test.context.SpringBootTestContextBootstrapper -- Found @SpringBootConfiguration br.edu.ifpe.CRMHealthLink.CrmHealthLinkApplication for test class br.edu.ifpe.CRMHealthLink.AuthenticationControllerIntregrationTest
08:05:31.761 [main] INFO org.springframework.boot.devtools.restart.RestartApplicationListener -- Restart disabled due to context in which it is running

  .   ____          _            __ _ _
 /\\ / ___'_ __ _ _(_)_ __  __ _ \ \ \ \
( ( )\___ | '_ | '_| | '_ \/ _` | \ \ \ \
 \\/  ___)| |_)| | | | | || (_| |  ) ) ) )
  '  |____| .__|_| |_|_| |_\__, | / / / /
 =========|_|==============|___/=/_/_/_/

 :: Spring Boot ::                (v3.3.1)

2024-08-19T08:05:32.284-03:00  INFO 15088 --- [           main] AuthenticationControllerIntregrationTest : Starting AuthenticationControllerIntregrationTest using Java 17.0.11 with PID 15088 (started by JairAssis in C:\Users\JairAssis\Documents\CRM-HealthLink\CRMHealthLink)
2024-08-19T08:05:32.287-03:00  INFO 15088 --- [           main] AuthenticationControllerIntregrationTest : The following 1 profile is active: "prod"
2024-08-19T08:05:33.926-03:00  INFO 15088 --- [           main] .s.d.r.c.RepositoryConfigurationDelegate : Bootstrapping Spring Data JPA repositories in DEFAULT mode.
2024-08-19T08:05:34.027-03:00  INFO 15088 --- [           main] .s.d.r.c.RepositoryConfigurationDelegate : Finished Spring Data repository scanning in 90 ms. Found 6 JPA repository interfaces.
2024-08-19T08:05:35.146-03:00  INFO 15088 --- [           main] o.s.b.w.embedded.tomcat.TomcatWebServer  : Tomcat initialized with port 0 (http)
2024-08-19T08:05:35.166-03:00  INFO 15088 --- [           main] o.apache.catalina.core.StandardService   : Starting service [Tomcat]
2024-08-19T08:05:35.166-03:00  INFO 15088 --- [           main] o.apache.catalina.core.StandardEngine    : Starting Servlet engine: [Apache Tomcat/10.1.25]
2024-08-19T08:05:35.284-03:00  INFO 15088 --- [           main] o.a.c.c.C.[Tomcat].[localhost].[/]       : Initializing Spring embedded WebApplicationContext
2024-08-19T08:05:35.286-03:00  INFO 15088 --- [           main] w.s.c.ServletWebServerApplicationContext : Root WebApplicationContext: initialization completed in 2963 ms
2024-08-19T08:05:35.556-03:00  INFO 15088 --- [           main] o.hibernate.jpa.internal.util.LogHelper  : HHH000204: Processing PersistenceUnitInfo [name: default]
2024-08-19T08:05:35.690-03:00  INFO 15088 --- [           main] org.hibernate.Version                    : HHH000412: Hibernate ORM core version 6.5.2.Final
2024-08-19T08:05:35.760-03:00  INFO 15088 --- [           main] o.h.c.internal.RegionFactoryInitiator    : HHH000026: Second-level cache disabled
2024-08-19T08:05:36.320-03:00  INFO 15088 --- [           main] o.s.o.j.p.SpringPersistenceUnitInfo      : No LoadTimeWeaver setup: ignoring JPA class transformer
2024-08-19T08:05:36.356-03:00  INFO 15088 --- [           main] com.zaxxer.hikari.HikariDataSource       : HikariPool-1 - Starting...
2024-08-19T08:05:36.700-03:00  INFO 15088 --- [           main] com.zaxxer.hikari.pool.HikariPool        : HikariPool-1 - Added connection com.mysql.cj.jdbc.ConnectionImpl@1c2b65cc
2024-08-19T08:05:36.706-03:00  INFO 15088 --- [           main] com.zaxxer.hikari.HikariDataSource       : HikariPool-1 - Start completed.
2024-08-19T08:05:36.764-03:00  WARN 15088 --- [           main] org.hibernate.orm.deprecation            : HHH90000025: MySQLDialect does not need to be specified explicitly using 'hibernate.dialect' (remove the property setting and it will be selected by default)
2024-08-19T08:05:38.127-03:00  INFO 15088 --- [           main] o.h.e.t.j.p.i.JtaPlatformInitiator       : HHH000489: No JTA platform available (set 'hibernate.transaction.jta.platform' to enable JTA platform integration)
2024-08-19T08:05:38.277-03:00  INFO 15088 --- [           main] j.LocalContainerEntityManagerFactoryBean : Initialized JPA EntityManagerFactory for persistence unit 'default'
2024-08-19T08:05:38.653-03:00  INFO 15088 --- [           main] o.s.d.j.r.query.QueryEnhancerFactory     : Hibernate is in classpath; If applicable, HQL parser will be used.
2024-08-19T08:05:39.418-03:00  INFO 15088 --- [           main] r$InitializeUserDetailsManagerConfigurer : Global AuthenticationManager configured with UserDetailsService bean with name userDetailsServiceImpl
2024-08-19T08:05:39.549-03:00  WARN 15088 --- [           main] JpaBaseConfiguration$JpaWebConfiguration : spring.jpa.open-in-view is enabled by default. Therefore, database queries may be performed during view rendering. Explicitly configure spring.jpa.open-in-view to disable this warning
2024-08-19T08:05:40.479-03:00  INFO 15088 --- [           main] o.s.b.w.embedded.tomcat.TomcatWebServer  : Tomcat started on port 55853 (http) with context path '/'
2024-08-19T08:05:40.496-03:00  INFO 15088 --- [           main] AuthenticationControllerIntregrationTest : Started AuthenticationControllerIntregrationTest in 8.773 seconds (process running for 10.885)
[Appointment(id=298, patient=User(id=983), doctor=User(id=985), employee=User(id=984), description=null, date=2024-08-20T00:06:25.123903, notified=false), Appointment(id=299, patient=User(id=986), doctor=User(id=988), employee=User(id=987), description=null, date=2024-08-20T00:06:25.378253, notified=false), Appointment(id=301, patient=User(id=993), doctor=User(id=995), employee=User(id=994), description=null, date=2024-08-20T00:06:54.958878, notified=false), Appointment(id=302, patient=User(id=996), doctor=User(id=998), employee=User(id=997), description=null, date=2024-08-20T00:06:55.237637, notified=false), Appointment(id=304, patient=User(id=1003), doctor=User(id=1005), employee=User(id=1004), description=null, date=2024-08-20T00:06:57.913878, notified=false), Appointment(id=305, patient=User(id=1006), doctor=User(id=1008), employee=User(id=1007), description=null, date=2024-08-20T00:06:58.164470, notified=false), Appointment(id=307, patient=User(id=1013), doctor=User(id=1015), employee=User(id=1014), description=null, date=2024-08-20T00:37:18.220773, notified=false), Appointment(id=308, patient=User(id=1016), doctor=User(id=1018), employee=User(id=1017), description=null, date=2024-08-20T00:37:18.489046, notified=false), Appointment(id=310, patient=User(id=1023), doctor=User(id=1025), employee=User(id=1024), description=null, date=2024-08-20T01:38:59.710640, notified=false), Appointment(id=311, patient=User(id=1026), doctor=User(id=1028), employee=User(id=1027), description=null, date=2024-08-20T01:39:00.068631, notified=false), Appointment(id=313, patient=User(id=1033), doctor=User(id=1035), employee=User(id=1034), description=null, date=2024-08-20T01:41:14.816304, notified=false), Appointment(id=314, patient=User(id=1036), doctor=User(id=1038), employee=User(id=1037), description=null, date=2024-08-20T01:41:15.066040, notified=false), Appointment(id=316, patient=User(id=1043), doctor=User(id=1045), employee=User(id=1044), description=null, date=2024-08-20T09:46:45.451237, notified=false), Appointment(id=317, patient=User(id=1046), doctor=User(id=1048), employee=User(id=1047), description=null, date=2024-08-20T09:46:45.680561, notified=false), Appointment(id=319, patient=User(id=1053), doctor=User(id=1055), employee=User(id=1054), description=null, date=2024-08-20T09:52:34.815424, notified=false), Appointment(id=320, patient=User(id=1056), doctor=User(id=1058), employee=User(id=1057), description=null, date=2024-08-20T09:52:35.044544, notified=false), Appointment(id=322, patient=User(id=1063), doctor=User(id=1065), employee=User(id=1064), description=null, date=2024-08-20T09:56:02.277508, notified=false), Appointment(id=323, patient=User(id=1066), doctor=User(id=1068), employee=User(id=1067), description=null, date=2024-08-20T09:56:02.599056, notified=false), Appointment(id=325, patient=User(id=1073), doctor=User(id=1075), employee=User(id=1074), description=null, date=2024-08-20T09:57:44.717504, notified=false), Appointment(id=326, patient=User(id=1076), doctor=User(id=1078), employee=User(id=1077), description=null, date=2024-08-20T09:57:44.983541, notified=false), Appointment(id=328, patient=User(id=1083), doctor=User(id=1085), employee=User(id=1084), description=null, date=2024-08-20T09:58:16.426900, notified=false), Appointment(id=329, patient=User(id=1086), doctor=User(id=1088), employee=User(id=1087), description=null, date=2024-08-20T09:58:16.681006, notified=false), Appointment(id=331, patient=User(id=1093), doctor=User(id=1095), employee=User(id=1094), description=null, date=2024-08-20T10:02:09.189142, notified=false), Appointment(id=332, patient=User(id=1096), doctor=User(id=1098), employee=User(id=1097), description=null, date=2024-08-20T10:02:09.460497, notified=false), Appointment(id=334, patient=User(id=1103), doctor=User(id=1105), employee=User(id=1104), description=null, date=2024-08-20T10:04:45.901292, notified=false), Appointment(id=335, patient=User(id=1106), doctor=User(id=1108), employee=User(id=1107), description=null, date=2024-08-20T10:04:46.133372, notified=false), Appointment(id=337, patient=User(id=1113), doctor=User(id=1115), employee=User(id=1114), description=null, date=2024-08-20T10:05:40.708067, notified=false), Appointment(id=338, patient=User(id=1116), doctor=User(id=1118), employee=User(id=1117), description=null, date=2024-08-20T10:05:40.960649, notified=false)]
2024-08-19T08:05:42.304-03:00  INFO 15088 --- [o-auto-1-exec-1] o.a.c.c.C.[Tomcat].[localhost].[/]       : Initializing Spring DispatcherServlet 'dispatcherServlet'
2024-08-19T08:05:42.305-03:00  INFO 15088 --- [o-auto-1-exec-1] o.s.web.servlet.DispatcherServlet        : Initializing Servlet 'dispatcherServlet'
2024-08-19T08:05:42.306-03:00  INFO 15088 --- [o-auto-1-exec-1] o.s.web.servlet.DispatcherServlet        : Completed initialization in 1 ms
]]></system-out>
  </testcase>
  <testcase name="testLoginReturnsValidToken" classname="br.edu.ifpe.CRMHealthLink.AuthenticationControllerIntregrationTest" time="0.148">
    <system-out><![CDATA[<UserLoginDTO(email=90615@email.com, password=123),[Content-Type:"application/json"]>
UserLoginResponseDto(id=69, name=90615@email.com, email=90615@email.com, acessLevel=MANAGER, token=eyJhbGciOiJIUzI1NiIsInR5cCI6IkpXVCJ9.eyJpc3MiOiJDcm0tSGVhbHRoTGluayIsInN1YiI6IjkwNjE1QGVtYWlsLmNvbSIsImV4cCI6MTcyNDA3Mjc0Mn0.2i0UN3mfUJmuZnysjj3548CU4JCJkaX_mi1-d_4XluM)
]]></system-out>
  </testcase>
</testsuite>